0 info it worked if it ends with ok
1 verbose cli [ 'node', '/usr/local/bin/npm', 'install', 'phonegap', '-g' ]
2 info using npm@1.4.28
3 info using node@v0.10.35
4 verbose cache add [ 'phonegap', null ]
5 verbose cache add name=undefined spec="phonegap" args=["phonegap",null]
6 verbose parsed url { protocol: null,
6 verbose parsed url   slashes: null,
6 verbose parsed url   auth: null,
6 verbose parsed url   host: null,
6 verbose parsed url   port: null,
6 verbose parsed url   hostname: null,
6 verbose parsed url   hash: null,
6 verbose parsed url   search: null,
6 verbose parsed url   query: null,
6 verbose parsed url   pathname: 'phonegap',
6 verbose parsed url   path: 'phonegap',
6 verbose parsed url   href: 'phonegap' }
7 silly lockFile 10db903f-phonegap phonegap
8 verbose lock phonegap /Users/stephenrichardson/.npm/10db903f-phonegap.lock
9 silly lockFile 10db903f-phonegap phonegap
10 silly lockFile 10db903f-phonegap phonegap
11 verbose addNamed [ 'phonegap', '' ]
12 verbose addNamed [ null, '*' ]
13 silly lockFile 3a6257f3-phonegap phonegap@
14 verbose lock phonegap@ /Users/stephenrichardson/.npm/3a6257f3-phonegap.lock
15 silly addNameRange { name: 'phonegap', range: '*', hasData: false }
16 verbose request where is /phonegap
17 verbose request registry https://registry.npmjs.org/
18 verbose request id ce52b6d8033119f8
19 verbose url raw /phonegap
20 verbose url resolving [ 'https://registry.npmjs.org/', './phonegap' ]
21 verbose url resolved https://registry.npmjs.org/phonegap
22 verbose request where is https://registry.npmjs.org/phonegap
23 info trying registry request attempt 1 at 20:08:30
24 verbose etag "DXGAOQBEATNQN97J7VP2FHCRT"
25 http GET https://registry.npmjs.org/phonegap
26 http 304 https://registry.npmjs.org/phonegap
27 silly registry.get cb [ 304,
27 silly registry.get   { date: 'Fri, 27 Feb 2015 03:08:30 GMT',
27 silly registry.get     server: 'Apache',
27 silly registry.get     via: '1.1 varnish',
27 silly registry.get     'last-modified': 'Fri, 27 Feb 2015 03:08:30 GMT',
27 silly registry.get     'cache-control': 'max-age=60',
27 silly registry.get     etag: '"DXGAOQBEATNQN97J7VP2FHCRT"',
27 silly registry.get     age: '0',
27 silly registry.get     'x-served-by': 'cache-dfw1834-DFW',
27 silly registry.get     'x-cache': 'MISS',
27 silly registry.get     'x-cache-hits': '0',
27 silly registry.get     'x-timer': 'S1425006510.037866,VS0,VE46',
27 silly registry.get     vary: 'Accept',
27 silly registry.get     'content-length': '0',
27 silly registry.get     'keep-alive': 'timeout=10, max=50',
27 silly registry.get     connection: 'Keep-Alive' } ]
28 verbose etag https://registry.npmjs.org/phonegap from cache
29 silly addNameRange number 2 { name: 'phonegap', range: '*', hasData: true }
30 silly addNameRange versions [ 'phonegap',
30 silly addNameRange   [ '0.2.0',
30 silly addNameRange     '0.2.1',
30 silly addNameRange     '0.2.2',
30 silly addNameRange     '0.3.0',
30 silly addNameRange     '0.4.0',
30 silly addNameRange     '0.4.1',
30 silly addNameRange     '0.5.0',
30 silly addNameRange     '0.6.0',
30 silly addNameRange     '0.6.1',
30 silly addNameRange     '0.7.0',
30 silly addNameRange     '0.7.1',
30 silly addNameRange     '0.7.2',
30 silly addNameRange     '0.7.3',
30 silly addNameRange     '0.7.4',
30 silly addNameRange     '0.7.5',
30 silly addNameRange     '0.7.6',
30 silly addNameRange     '0.7.7',
30 silly addNameRange     '0.7.8',
30 silly addNameRange     '0.8.0',
30 silly addNameRange     '0.8.1',
30 silly addNameRange     '0.9.0',
30 silly addNameRange     '0.9.1',
30 silly addNameRange     '0.9.2',
30 silly addNameRange     '0.9.3',
30 silly addNameRange     '0.9.4',
30 silly addNameRange     '2.8.0-0.10.0',
30 silly addNameRange     '2.8.0-0.10.1',
30 silly addNameRange     '2.8.0-0.10.2',
30 silly addNameRange     '2.8.0-0.10.3',
30 silly addNameRange     '2.8.0-0.10.4',
30 silly addNameRange     '2.8.0-0.10.6',
30 silly addNameRange     '2.8.1-0.11.0',
30 silly addNameRange     '2.9.0-0.12.2',
30 silly addNameRange     '2.9.0-0.12.3',
30 silly addNameRange     '2.9.0-0.12.4',
30 silly addNameRange     '2.9.0-0.12.5',
30 silly addNameRange     '2.9.0-0.12.6',
30 silly addNameRange     '2.9.0-0.12.7',
30 silly addNameRange     '2.9.0-0.12.8',
30 silly addNameRange     '2.9.0-rc1-0.12.0',
30 silly addNameRange     '2.9.0-rc1-0.12.1',
30 silly addNameRange     '2.9.0-rc1-0.12.2',
30 silly addNameRange     '2.9.0-0.12.9',
30 silly addNameRange     '2.9.0-0.12.10',
30 silly addNameRange     '2.9.0-0.12.11',
30 silly addNameRange     '2.9.0-0.13.0',
30 silly addNameRange     '2.9.0-0.13.1',
30 silly addNameRange     '2.9.0-0.13.2',
30 silly addNameRange     '3.0.0-rc1-0.13.2',
30 silly addNameRange     '3.0.0-rc1-0.13.3',
30 silly addNameRange     '3.0.0-0.14.0',
30 silly addNameRange     '3.0.0-0.14.1',
30 silly addNameRange     '3.0.0-0.14.2',
30 silly addNameRange     '3.0.0-0.14.3',
30 silly addNameRange     '3.0.0-0.14.4',
30 silly addNameRange     '3.1.0-0.15.0',
30 silly addNameRange     '3.2.0-0.15.0',
30 silly addNameRange     '3.2.0-0.16.0',
30 silly addNameRange     '3.2.0-0.17.0',
30 silly addNameRange     '3.2.0-0.17.1',
30 silly addNameRange     '3.3.0-0.17.1',
30 silly addNameRange     '3.3.0-0.18.0',
30 silly addNameRange     '3.3.0-0.18.1',
30 silly addNameRange     '3.3.0-0.19.0',
30 silly addNameRange     '3.3.0-0.19.1',
30 silly addNameRange     '3.3.0-0.19.2',
30 silly addNameRange     '3.3.0-0.19.3',
30 silly addNameRange     '3.3.0-0.19.4',
30 silly addNameRange     '3.3.0-0.19.5',
30 silly addNameRange     '3.3.0-0.19.6',
30 silly addNameRange     '3.4.0-0.19.7',
30 silly addNameRange     '3.4.0-0.19.8',
30 silly addNameRange     '3.4.0-0.19.9',
30 silly addNameRange     '3.4.0-0.19.10',
30 silly addNameRange     '3.4.0-0.19.11',
30 silly addNameRange     '3.4.0-0.19.12',
30 silly addNameRange     '3.4.0-0.19.13',
30 silly addNameRange     '3.4.0-0.19.14',
30 silly addNameRange     '3.4.0-0.19.15',
30 silly addNameRange     '3.4.0-0.19.16',
30 silly addNameRange     '3.4.0-0.19.17',
30 silly addNameRange     '3.4.0-0.19.18',
30 silly addNameRange     '3.4.0-0.19.19',
30 silly addNameRange     '3.4.0-0.19.20',
30 silly addNameRange     '3.4.0-0.19.21',
30 silly addNameRange     '3.4.0-0.20.0',
30 silly addNameRange     '3.5.0-0.19.23',
30 silly addNameRange     '3.5.0-0.20.0',
30 silly addNameRange     '3.5.0-0.20.1',
30 silly addNameRange     '3.5.0-0.20.3',
30 silly addNameRange     '3.5.0-0.20.4',
30 silly addNameRange     '3.5.0-0.20.5',
30 silly addNameRange     '3.5.0-0.20.6',
30 silly addNameRange     '3.5.0-0.20.7',
30 silly addNameRange     '3.5.0-0.20.9',
30 silly addNameRange     '3.5.0-0.20.10',
30 silly addNameRange     '3.5.0-0.20.14',
30 silly addNameRange     '3.5.0-0.21.14',
30 silly addNameRange     '3.5.0-0.21.15',
30 silly addNameRange     '3.5.0-0.21.16',
30 silly addNameRange     '3.5.0-0.21.17',
30 silly addNameRange     '3.5.0-0.21.18',
30 silly addNameRange     '3.6.0-0.21.18',
30 silly addNameRange     '3.6.0-0.21.19',
30 silly addNameRange     '3.6.3-0.22.0',
30 silly addNameRange     '3.6.3-0.22.1',
30 silly addNameRange     '3.6.3-0.22.2',
30 silly addNameRange     '3.6.3-0.22.3',
30 silly addNameRange     '3.6.3-0.22.4',
30 silly addNameRange     '3.6.3-0.22.5',
30 silly addNameRange     '3.6.3-0.22.6',
30 silly addNameRange     '3.6.3-0.22.7',
30 silly addNameRange     '4.0.0-0.22.7',
30 silly addNameRange     '4.1.2-0.22.7',
30 silly addNameRange     '4.1.2-0.22.8',
30 silly addNameRange     '4.1.2-0.22.9',
30 silly addNameRange     '4.1.2-0.22.10',
30 silly addNameRange     '4.1.2-0.22.11',
30 silly addNameRange     '4.1.2-0.22.12',
30 silly addNameRange     '4.2.0-0.23.0',
30 silly addNameRange     '4.2.0-0.24.0',
30 silly addNameRange     '4.2.0-0.24.1',
30 silly addNameRange     '4.2.0-0.24.2' ] ]
31 verbose addNamed [ 'phonegap', '4.2.0-0.24.2' ]
32 verbose addNamed [ '4.2.0-0.24.2', '4.2.0-0.24.2' ]
33 silly lockFile 1e58e9a6-phonegap-4-2-0-0-24-2 phonegap@4.2.0-0.24.2
34 verbose lock phonegap@4.2.0-0.24.2 /Users/stephenrichardson/.npm/1e58e9a6-phonegap-4-2-0-0-24-2.lock
35 silly lockFile 1e58e9a6-phonegap-4-2-0-0-24-2 phonegap@4.2.0-0.24.2
36 silly lockFile 1e58e9a6-phonegap-4-2-0-0-24-2 phonegap@4.2.0-0.24.2
37 silly lockFile 3a6257f3-phonegap phonegap@
38 silly lockFile 3a6257f3-phonegap phonegap@
39 silly resolved [ { name: 'phonegap',
39 silly resolved     description: 'PhoneGap command-line interface and node.js library.',
39 silly resolved     version: '4.2.0-0.24.2',
39 silly resolved     homepage: 'http://github.com/phonegap/phonegap-cli',
39 silly resolved     repository:
39 silly resolved      { type: 'git',
39 silly resolved        url: 'git://github.com/phonegap/phonegap-cli.git' },
39 silly resolved     keywords:
39 silly resolved      [ 'cli',
39 silly resolved        'cordova',
39 silly resolved        'phonegap',
39 silly resolved        'phonegap build',
39 silly resolved        'phonegap/build' ],
39 silly resolved     preferGlobal: 'true',
39 silly resolved     main: './lib/main.js',
39 silly resolved     bin: { phonegap: './bin/phonegap.js' },
39 silly resolved     scripts: { test: 'jasmine-node --color spec' },
39 silly resolved     engineStrict: 'true',
39 silly resolved     engines: { node: '>=0.10.0' },
39 silly resolved     dependencies:
39 silly resolved      { colors: '0.6.0-1',
39 silly resolved        'connect-phonegap': '0.14.8',
39 silly resolved        cordova: '4.2.0',
39 silly resolved        minimist: '0.1.0',
39 silly resolved        'phonegap-build': '0.9.1',
39 silly resolved        pluralize: '0.0.4',
39 silly resolved        prompt: '0.2.11',
39 silly resolved        'qrcode-terminal': '0.9.4',
39 silly resolved        semver: '1.1.0',
39 silly resolved        shelljs: '0.1.4' },
39 silly resolved     devDependencies: { 'jasmine-node': '1.14.5', chdir: '0.0.x' },
39 silly resolved     optionalDependencies: {},
39 silly resolved     contributors: [ [Object], [Object], [Object], [Object] ],
39 silly resolved     templates:
39 silly resolved      { blank: [Object],
39 silly resolved        'hello-world': [Object],
39 silly resolved        'hello-cordova': [Object] },
39 silly resolved     gitHead: '9b6722c4cd1b5ead91cc7df013c705fafdaa7dfb',
39 silly resolved     bugs: { url: 'https://github.com/phonegap/phonegap-cli/issues' },
39 silly resolved     _id: 'phonegap@4.2.0-0.24.2',
39 silly resolved     _shasum: '61d2fdc1392d60c04cda40662314bfa8521eef5a',
39 silly resolved     _from: 'phonegap@',
39 silly resolved     _npmVersion: '2.1.8',
39 silly resolved     _nodeVersion: '0.10.26',
39 silly resolved     _npmUser: { name: 'mwbrooks', email: 'michael@michaelbrooks.ca' },
39 silly resolved     maintainers: [ [Object], [Object], [Object] ],
39 silly resolved     dist:
39 silly resolved      { shasum: '61d2fdc1392d60c04cda40662314bfa8521eef5a',
39 silly resolved        tarball: 'http://registry.npmjs.org/phonegap/-/phonegap-4.2.0-0.24.2.tgz' },
39 silly resolved     directories: {},
39 silly resolved     _resolved: 'https://registry.npmjs.org/phonegap/-/phonegap-4.2.0-0.24.2.tgz',
39 silly resolved     readme: 'ERROR: No README data found!' } ]
40 info install phonegap@4.2.0-0.24.2 into /usr/local/lib
41 info installOne phonegap@4.2.0-0.24.2
42 verbose lib/node_modules/phonegap unbuild
43 verbose tar unpack /Users/stephenrichardson/.npm/phonegap/4.2.0-0.24.2/package.tgz
44 silly lockFile f38db7ac--local-lib-node-modules-phonegap tar:///usr/local/lib/node_modules/phonegap
45 verbose lock tar:///usr/local/lib/node_modules/phonegap /Users/stephenrichardson/.npm/f38db7ac--local-lib-node-modules-phonegap.lock
46 silly lockFile 1aa52951-honegap-4-2-0-0-24-2-package-tgz tar:///Users/stephenrichardson/.npm/phonegap/4.2.0-0.24.2/package.tgz
47 verbose lock tar:///Users/stephenrichardson/.npm/phonegap/4.2.0-0.24.2/package.tgz /Users/stephenrichardson/.npm/1aa52951-honegap-4-2-0-0-24-2-package-tgz.lock
48 silly gunzTarPerm modes [ '755', '644' ]
49 error Error: EACCES, mkdir '/usr/local/lib/node_modules/phonegap'
49 error  { [Error: EACCES, mkdir '/usr/local/lib/node_modules/phonegap']
49 error   errno: 3,
49 error   code: 'EACCES',
49 error   path: '/usr/local/lib/node_modules/phonegap',
49 error   fstream_type: 'Directory',
49 error   fstream_path: '/usr/local/lib/node_modules/phonegap',
49 error   fstream_class: 'DirWriter',
49 error   fstream_stack:
49 error    [ '/usr/local/lib/node_modules/npm/node_modules/fstream/lib/dir-writer.js:36:23',
49 error      '/usr/local/lib/node_modules/npm/node_modules/mkdirp/index.js:46:53',
49 error      'Object.oncomplete (fs.js:108:15)' ] }
50 error Please try running this command again as root/Administrator.
51 error System Darwin 14.0.0
52 error command "node" "/usr/local/bin/npm" "install" "phonegap" "-g"
53 error cwd /Users/stephenrichardson/Dropbox/projects/Node10-Ajax-Countries
54 error node -v v0.10.35
55 error npm -v 1.4.28
56 error path /usr/local/lib/node_modules/phonegap
57 error fstream_path /usr/local/lib/node_modules/phonegap
58 error fstream_type Directory
59 error fstream_class DirWriter
60 error code EACCES
61 error errno 3
62 error stack Error: EACCES, mkdir '/usr/local/lib/node_modules/phonegap'
63 error fstream_stack /usr/local/lib/node_modules/npm/node_modules/fstream/lib/dir-writer.js:36:23
63 error fstream_stack /usr/local/lib/node_modules/npm/node_modules/mkdirp/index.js:46:53
63 error fstream_stack Object.oncomplete (fs.js:108:15)
64 verbose exit [ 3, true ]
